[0621/160332.448:INFO:CONSOLE(21172)] "THREE.WebGLRenderer 92", source: file:///C:/Program%20Files/AnyLogic%208.9%20Personal%20Learning%20Edition/plugins/com.anylogic.graphics3d_8.9.4.202503101134/static/build/three.js (21172)
[0621/160333.156:INFO:CONSOLE(3660)] "THREE.ColladaLoader: File version 1.4.0", source: file:///C:/Program%20Files/AnyLogic%208.9%20Personal%20Learning%20Edition/plugins/com.anylogic.graphics3d_8.9.4.202503101134/static/libs/ColladaLoader.js (3660)
[0621/160333.174:INFO:CONSOLE(255)] "Loaded: file:C:/Users/Олег/Desktop/Моделирование/Титов/Перекресток/3d/car.dae", source: file:///C:/Program%20Files/AnyLogic%208.9%20Personal%20Learning%20Edition/plugins/com.anylogic.graphics3d_8.9.4.202503101134/static/init.js (255)
[0621/160333.174:INFO:CONSOLE(271)] "load end: file:C:/Users/Олег/Desktop/Моделирование/Титов/Перекресток/3d/car.dae", source: file:///C:/Program%20Files/AnyLogic%208.9%20Personal%20Learning%20Edition/plugins/com.anylogic.graphics3d_8.9.4.202503101134/static/init.js (271)
[0621/160531.238:ERROR:gpu_init.cc(523)] Passthrough is not supported, GL is disabled, ANGLE is 
[0621/174204.116:INFO:CONSOLE(21172)] "THREE.WebGLRenderer 92", source: file:///C:/Program%20Files/AnyLogic%208.9%20Personal%20Learning%20Edition/plugins/com.anylogic.graphics3d_8.9.4.202503101134/static/build/three.js (21172)
[0621/174205.018:INFO:CONSOLE(3660)] "THREE.ColladaLoader: File version 1.4.0", source: file:///C:/Program%20Files/AnyLogic%208.9%20Personal%20Learning%20Edition/plugins/com.anylogic.graphics3d_8.9.4.202503101134/static/libs/ColladaLoader.js (3660)
[0621/174205.035:INFO:CONSOLE(255)] "Loaded: file:C:/Users/Олег/Desktop/Моделирование/Титов/Перекресток/3d/bus_1.dae", source: file:///C:/Program%20Files/AnyLogic%208.9%20Personal%20Learning%20Edition/plugins/com.anylogic.graphics3d_8.9.4.202503101134/static/init.js (255)
[0621/174205.035:INFO:CONSOLE(271)] "load end: file:C:/Users/Олег/Desktop/Моделирование/Титов/Перекресток/3d/bus_1.dae", source: file:///C:/Program%20Files/AnyLogic%208.9%20Personal%20Learning%20Edition/plugins/com.anylogic.graphics3d_8.9.4.202503101134/static/init.js (271)
[0621/174403.367:ERROR:gpu_init.cc(523)] Passthrough is not supported, GL is disabled, ANGLE is 
[0621/194248.281:INFO:CONSOLE(21172)] "THREE.WebGLRenderer 92", source: file:///C:/Program%20Files/AnyLogic%208.9%20Personal%20Learning%20Edition/plugins/com.anylogic.graphics3d_8.9.4.202503101134/static/build/three.js (21172)
[0621/194249.174:INFO:CONSOLE(3660)] "THREE.ColladaLoader: File version 1.4.0", source: file:///C:/Program%20Files/AnyLogic%208.9%20Personal%20Learning%20Edition/plugins/com.anylogic.graphics3d_8.9.4.202503101134/static/libs/ColladaLoader.js (3660)
[0621/194249.191:INFO:CONSOLE(255)] "Loaded: file:C:/Users/Олег/Desktop/Моделирование/Титов/Перекресток/3d/person.dae", source: file:///C:/Program%20Files/AnyLogic%208.9%20Personal%20Learning%20Edition/plugins/com.anylogic.graphics3d_8.9.4.202503101134/static/init.js (255)
[0621/194249.191:INFO:CONSOLE(271)] "load end: file:C:/Users/Олег/Desktop/Моделирование/Титов/Перекресток/3d/person.dae", source: file:///C:/Program%20Files/AnyLogic%208.9%20Personal%20Learning%20Edition/plugins/com.anylogic.graphics3d_8.9.4.202503101134/static/init.js (271)
[0621/194447.548:ERROR:gpu_init.cc(523)] Passthrough is not supported, GL is disabled, ANGLE is 
[0621/203813.386:INFO:CONSOLE(21172)] "THREE.WebGLRenderer 92", source: file:///C:/Program%20Files/AnyLogic%208.9%20Personal%20Learning%20Edition/plugins/com.anylogic.graphics3d_8.9.4.202503101134/static/build/three.js (21172)
[0621/203814.293:INFO:CONSOLE(3660)] "THREE.ColladaLoader: File version 1.4.0", source: file:///C:/Program%20Files/AnyLogic%208.9%20Personal%20Learning%20Edition/plugins/com.anylogic.graphics3d_8.9.4.202503101134/static/libs/ColladaLoader.js (3660)
[0621/203814.315:INFO:CONSOLE(255)] "Loaded: file:C:/Users/Олег/Desktop/Моделирование/Титов/Перекресток/3d/woman_1.dae", source: file:///C:/Program%20Files/AnyLogic%208.9%20Personal%20Learning%20Edition/plugins/com.anylogic.graphics3d_8.9.4.202503101134/static/init.js (255)
[0621/203814.315:INFO:CONSOLE(271)] "load end: file:C:/Users/Олег/Desktop/Моделирование/Титов/Перекресток/3d/woman_1.dae", source: file:///C:/Program%20Files/AnyLogic%208.9%20Personal%20Learning%20Edition/plugins/com.anylogic.graphics3d_8.9.4.202503101134/static/init.js (271)
[0621/204012.622:ERROR:gpu_init.cc(523)] Passthrough is not supported, GL is disabled, ANGLE is 
[0621/211559.588:INFO:CONSOLE(21172)] "THREE.WebGLRenderer 92", source: file:///C:/Program%20Files/AnyLogic%208.9%20Personal%20Learning%20Edition/plugins/com.anylogic.graphics3d_8.9.4.202503101134/static/build/three.js (21172)
[0621/211600.478:INFO:CONSOLE(3660)] "THREE.ColladaLoader: File version 1.4.0", source: file:///C:/Program%20Files/AnyLogic%208.9%20Personal%20Learning%20Edition/plugins/com.anylogic.graphics3d_8.9.4.202503101134/static/libs/ColladaLoader.js (3660)
[0621/211600.497:INFO:CONSOLE(255)] "Loaded: file:C:/Users/Олег/Desktop/Моделирование/Титов/Перекресток/3d/woman_2.dae", source: file:///C:/Program%20Files/AnyLogic%208.9%20Personal%20Learning%20Edition/plugins/com.anylogic.graphics3d_8.9.4.202503101134/static/init.js (255)
[0621/211600.497:INFO:CONSOLE(271)] "load end: file:C:/Users/Олег/Desktop/Моделирование/Титов/Перекресток/3d/woman_2.dae", source: file:///C:/Program%20Files/AnyLogic%208.9%20Personal%20Learning%20Edition/plugins/com.anylogic.graphics3d_8.9.4.202503101134/static/init.js (271)
[0621/211758.890:ERROR:gpu_init.cc(523)] Passthrough is not supported, GL is disabled, ANGLE is 
[0621/212947.732:INFO:CONSOLE(3660)] "THREE.ColladaLoader: File version 1.4.0", source: file:///C:/Program%20Files/AnyLogic%208.9%20Personal%20Learning%20Edition/plugins/com.anylogic.graphics3d_8.9.4.202503101134/static/libs/ColladaLoader.js (3660)
[0621/212947.739:INFO:CONSOLE(255)] "Loaded: file:C:/Users/Олег/Desktop/Моделирование/Титов/Перекресток/3d/officeworker.dae", source: file:///C:/Program%20Files/AnyLogic%208.9%20Personal%20Learning%20Edition/plugins/com.anylogic.graphics3d_8.9.4.202503101134/static/init.js (255)
[0621/212947.739:INFO:CONSOLE(271)] "load end: file:C:/Users/Олег/Desktop/Моделирование/Титов/Перекресток/3d/officeworker.dae", source: file:///C:/Program%20Files/AnyLogic%208.9%20Personal%20Learning%20Edition/plugins/com.anylogic.graphics3d_8.9.4.202503101134/static/init.js (271)
[0621/221805.999:INFO:CONSOLE(21172)] "THREE.WebGLRenderer 92", source: file:///C:/Program%20Files/AnyLogic%208.9%20Personal%20Learning%20Edition/plugins/com.anylogic.graphics3d_8.9.4.202503101134/static/build/three.js (21172)
[0621/221806.896:INFO:CONSOLE(3660)] "THREE.ColladaLoader: File version 1.4.0", source: file:///C:/Program%20Files/AnyLogic%208.9%20Personal%20Learning%20Edition/plugins/com.anylogic.graphics3d_8.9.4.202503101134/static/libs/ColladaLoader.js (3660)
[0621/221806.911:INFO:CONSOLE(255)] "Loaded: file:C:/Users/Олег/Desktop/Моделирование/Титов/Перекресток/3d/bus_1.dae", source: file:///C:/Program%20Files/AnyLogic%208.9%20Personal%20Learning%20Edition/plugins/com.anylogic.graphics3d_8.9.4.202503101134/static/init.js (255)
[0621/221806.911:INFO:CONSOLE(271)] "load end: file:C:/Users/Олег/Desktop/Моделирование/Титов/Перекресток/3d/bus_1.dae", source: file:///C:/Program%20Files/AnyLogic%208.9%20Personal%20Learning%20Edition/plugins/com.anylogic.graphics3d_8.9.4.202503101134/static/init.js (271)
[0621/221806.986:INFO:CONSOLE(3660)] "THREE.ColladaLoader: File version 1.4.0", source: file:///C:/Program%20Files/AnyLogic%208.9%20Personal%20Learning%20Edition/plugins/com.anylogic.graphics3d_8.9.4.202503101134/static/libs/ColladaLoader.js (3660)
[0621/221806.992:INFO:CONSOLE(255)] "Loaded: file:C:/Users/Олег/Desktop/Моделирование/Титов/Перекресток/3d/person.dae", source: file:///C:/Program%20Files/AnyLogic%208.9%20Personal%20Learning%20Edition/plugins/com.anylogic.graphics3d_8.9.4.202503101134/static/init.js (255)
[0621/221806.992:INFO:CONSOLE(271)] "load end: file:C:/Users/Олег/Desktop/Моделирование/Титов/Перекресток/3d/person.dae", source: file:///C:/Program%20Files/AnyLogic%208.9%20Personal%20Learning%20Edition/plugins/com.anylogic.graphics3d_8.9.4.202503101134/static/init.js (271)
[0621/221807.015:INFO:CONSOLE(3660)] "THREE.ColladaLoader: File version 1.4.0", source: file:///C:/Program%20Files/AnyLogic%208.9%20Personal%20Learning%20Edition/plugins/com.anylogic.graphics3d_8.9.4.202503101134/static/libs/ColladaLoader.js (3660)
[0621/221807.017:INFO:CONSOLE(255)] "Loaded: file:C:/Users/Олег/Desktop/Моделирование/Титов/Перекресток/3d/car.dae", source: file:///C:/Program%20Files/AnyLogic%208.9%20Personal%20Learning%20Edition/plugins/com.anylogic.graphics3d_8.9.4.202503101134/static/init.js (255)
[0621/221807.018:INFO:CONSOLE(271)] "load end: file:C:/Users/Олег/Desktop/Моделирование/Титов/Перекресток/3d/car.dae", source: file:///C:/Program%20Files/AnyLogic%208.9%20Personal%20Learning%20Edition/plugins/com.anylogic.graphics3d_8.9.4.202503101134/static/init.js (271)
[0621/222005.231:ERROR:gpu_init.cc(523)] Passthrough is not supported, GL is disabled, ANGLE is 
[0621/232106.836:INFO:CONSOLE(21172)] "THREE.WebGLRenderer 92", source: file:///C:/Program%20Files/AnyLogic%208.9%20Personal%20Learning%20Edition/plugins/com.anylogic.graphics3d_8.9.4.202503101134/static/build/three.js (21172)
[0621/232107.745:INFO:CONSOLE(3660)] "THREE.ColladaLoader: File version 1.4.1", source: file:///C:/Program%20Files/AnyLogic%208.9%20Personal%20Learning%20Edition/plugins/com.anylogic.graphics3d_8.9.4.202503101134/static/libs/ColladaLoader.js (3660)
[0621/232107.759:INFO:CONSOLE(255)] "Loaded: file:C:/Users/Олег/Desktop/Моделирование/Титов/Перекресток/3d/truck_2.dae", source: file:///C:/Program%20Files/AnyLogic%208.9%20Personal%20Learning%20Edition/plugins/com.anylogic.graphics3d_8.9.4.202503101134/static/init.js (255)
[0621/232107.759:INFO:CONSOLE(271)] "load end: file:C:/Users/Олег/Desktop/Моделирование/Титов/Перекресток/3d/truck_2.dae", source: file:///C:/Program%20Files/AnyLogic%208.9%20Personal%20Learning%20Edition/plugins/com.anylogic.graphics3d_8.9.4.202503101134/static/init.js (271)
[0621/232306.131:ERROR:gpu_init.cc(523)] Passthrough is not supported, GL is disabled, ANGLE is 
[0622/115102.279:INFO:CONSOLE(21172)] "THREE.WebGLRenderer 92", source: file:///C:/Program%20Files/AnyLogic%208.9%20Personal%20Learning%20Edition/plugins/com.anylogic.graphics3d_8.9.4.202503101134/static/build/three.js (21172)
[0622/115102.863:INFO:CONSOLE(3660)] "THREE.ColladaLoader: File version 1.4.0", source: file:///C:/Program%20Files/AnyLogic%208.9%20Personal%20Learning%20Edition/plugins/com.anylogic.graphics3d_8.9.4.202503101134/static/libs/ColladaLoader.js (3660)
[0622/115102.882:INFO:CONSOLE(255)] "Loaded: file:C:/Users/Олег/Desktop/Моделирование/с пешеходами/Перекресток/3d/bus_1.dae", source: file:///C:/Program%20Files/AnyLogic%208.9%20Personal%20Learning%20Edition/plugins/com.anylogic.graphics3d_8.9.4.202503101134/static/init.js (255)
[0622/115102.882:INFO:CONSOLE(271)] "load end: file:C:/Users/Олег/Desktop/Моделирование/с пешеходами/Перекресток/3d/bus_1.dae", source: file:///C:/Program%20Files/AnyLogic%208.9%20Personal%20Learning%20Edition/plugins/com.anylogic.graphics3d_8.9.4.202503101134/static/init.js (271)
[0622/115102.984:INFO:CONSOLE(3660)] "THREE.ColladaLoader: File version 1.4.0", source: file:///C:/Program%20Files/AnyLogic%208.9%20Personal%20Learning%20Edition/plugins/com.anylogic.graphics3d_8.9.4.202503101134/static/libs/ColladaLoader.js (3660)
[0622/115102.990:INFO:CONSOLE(255)] "Loaded: file:C:/Users/Олег/Desktop/Моделирование/с пешеходами/Перекресток/3d/person.dae", source: file:///C:/Program%20Files/AnyLogic%208.9%20Personal%20Learning%20Edition/plugins/com.anylogic.graphics3d_8.9.4.202503101134/static/init.js (255)
[0622/115102.990:INFO:CONSOLE(271)] "load end: file:C:/Users/Олег/Desktop/Моделирование/с пешеходами/Перекресток/3d/person.dae", source: file:///C:/Program%20Files/AnyLogic%208.9%20Personal%20Learning%20Edition/plugins/com.anylogic.graphics3d_8.9.4.202503101134/static/init.js (271)
[0622/115103.011:INFO:CONSOLE(3660)] "THREE.ColladaLoader: File version 1.4.0", source: file:///C:/Program%20Files/AnyLogic%208.9%20Personal%20Learning%20Edition/plugins/com.anylogic.graphics3d_8.9.4.202503101134/static/libs/ColladaLoader.js (3660)
[0622/115103.013:INFO:CONSOLE(255)] "Loaded: file:C:/Users/Олег/Desktop/Моделирование/с пешеходами/Перекресток/3d/car.dae", source: file:///C:/Program%20Files/AnyLogic%208.9%20Personal%20Learning%20Edition/plugins/com.anylogic.graphics3d_8.9.4.202503101134/static/init.js (255)
[0622/115103.013:INFO:CONSOLE(271)] "load end: file:C:/Users/Олег/Desktop/Моделирование/с пешеходами/Перекресток/3d/car.dae", source: file:///C:/Program%20Files/AnyLogic%208.9%20Personal%20Learning%20Edition/plugins/com.anylogic.graphics3d_8.9.4.202503101134/static/init.js (271)
[0622/120058.925:INFO:CONSOLE(21172)] "THREE.WebGLRenderer 92", source: file:///C:/Program%20Files/AnyLogic%208.9%20Personal%20Learning%20Edition/plugins/com.anylogic.graphics3d_8.9.4.202503101134/static/build/three.js (21172)
[0622/120059.817:INFO:CONSOLE(3660)] "THREE.ColladaLoader: File version 1.4.0", source: file:///C:/Program%20Files/AnyLogic%208.9%20Personal%20Learning%20Edition/plugins/com.anylogic.graphics3d_8.9.4.202503101134/static/libs/ColladaLoader.js (3660)
[0622/120059.835:INFO:CONSOLE(255)] "Loaded: file:C:/Users/Олег/Desktop/Моделирование/с пешеходами — копия/Перекресток/3d/bus_1.dae", source: file:///C:/Program%20Files/AnyLogic%208.9%20Personal%20Learning%20Edition/plugins/com.anylogic.graphics3d_8.9.4.202503101134/static/init.js (255)
[0622/120059.835:INFO:CONSOLE(271)] "load end: file:C:/Users/Олег/Desktop/Моделирование/с пешеходами — копия/Перекресток/3d/bus_1.dae", source: file:///C:/Program%20Files/AnyLogic%208.9%20Personal%20Learning%20Edition/plugins/com.anylogic.graphics3d_8.9.4.202503101134/static/init.js (271)
[0622/120059.925:INFO:CONSOLE(3660)] "THREE.ColladaLoader: File version 1.4.0", source: file:///C:/Program%20Files/AnyLogic%208.9%20Personal%20Learning%20Edition/plugins/com.anylogic.graphics3d_8.9.4.202503101134/static/libs/ColladaLoader.js (3660)
[0622/120059.934:INFO:CONSOLE(255)] "Loaded: file:C:/Users/Олег/Desktop/Моделирование/с пешеходами — копия/Перекресток/3d/person.dae", source: file:///C:/Program%20Files/AnyLogic%208.9%20Personal%20Learning%20Edition/plugins/com.anylogic.graphics3d_8.9.4.202503101134/static/init.js (255)
[0622/120059.934:INFO:CONSOLE(271)] "load end: file:C:/Users/Олег/Desktop/Моделирование/с пешеходами — копия/Перекресток/3d/person.dae", source: file:///C:/Program%20Files/AnyLogic%208.9%20Personal%20Learning%20Edition/plugins/com.anylogic.graphics3d_8.9.4.202503101134/static/init.js (271)
[0622/120059.958:INFO:CONSOLE(3660)] "THREE.ColladaLoader: File version 1.4.0", source: file:///C:/Program%20Files/AnyLogic%208.9%20Personal%20Learning%20Edition/plugins/com.anylogic.graphics3d_8.9.4.202503101134/static/libs/ColladaLoader.js (3660)
[0622/120059.961:INFO:CONSOLE(255)] "Loaded: file:C:/Users/Олег/Desktop/Моделирование/с пешеходами — копия/Перекресток/3d/car.dae", source: file:///C:/Program%20Files/AnyLogic%208.9%20Personal%20Learning%20Edition/plugins/com.anylogic.graphics3d_8.9.4.202503101134/static/init.js (255)
[0622/120059.961:INFO:CONSOLE(271)] "load end: file:C:/Users/Олег/Desktop/Моделирование/с пешеходами — копия/Перекресток/3d/car.dae", source: file:///C:/Program%20Files/AnyLogic%208.9%20Personal%20Learning%20Edition/plugins/com.anylogic.graphics3d_8.9.4.202503101134/static/init.js (271)
[0622/120258.121:ERROR:gpu_init.cc(523)] Passthrough is not supported, GL is disabled, ANGLE is 
[0622/155519.708:INFO:CONSOLE(21172)] "THREE.WebGLRenderer 92", source: file:///C:/Program%20Files/AnyLogic%208.9%20Personal%20Learning%20Edition/plugins/com.anylogic.graphics3d_8.9.4.202503101134/static/build/three.js (21172)
[0622/155520.590:INFO:CONSOLE(3660)] "THREE.ColladaLoader: File version 1.4.0", source: file:///C:/Program%20Files/AnyLogic%208.9%20Personal%20Learning%20Edition/plugins/com.anylogic.graphics3d_8.9.4.202503101134/static/libs/ColladaLoader.js (3660)
[0622/155520.607:INFO:CONSOLE(255)] "Loaded: file:C:/Users/Олег/Desktop/Моделирование/с пешеходами — копия/Перекресток/3d/bus_1.dae", source: file:///C:/Program%20Files/AnyLogic%208.9%20Personal%20Learning%20Edition/plugins/com.anylogic.graphics3d_8.9.4.202503101134/static/init.js (255)
[0622/155520.607:INFO:CONSOLE(271)] "load end: file:C:/Users/Олег/Desktop/Моделирование/с пешеходами — копия/Перекресток/3d/bus_1.dae", source: file:///C:/Program%20Files/AnyLogic%208.9%20Personal%20Learning%20Edition/plugins/com.anylogic.graphics3d_8.9.4.202503101134/static/init.js (271)
[0622/155520.685:INFO:CONSOLE(3660)] "THREE.ColladaLoader: File version 1.4.0", source: file:///C:/Program%20Files/AnyLogic%208.9%20Personal%20Learning%20Edition/plugins/com.anylogic.graphics3d_8.9.4.202503101134/static/libs/ColladaLoader.js (3660)
[0622/155520.692:INFO:CONSOLE(255)] "Loaded: file:C:/Users/Олег/Desktop/Моделирование/с пешеходами — копия/Перекресток/3d/person.dae", source: file:///C:/Program%20Files/AnyLogic%208.9%20Personal%20Learning%20Edition/plugins/com.anylogic.graphics3d_8.9.4.202503101134/static/init.js (255)
[0622/155520.692:INFO:CONSOLE(271)] "load end: file:C:/Users/Олег/Desktop/Моделирование/с пешеходами — копия/Перекресток/3d/person.dae", source: file:///C:/Program%20Files/AnyLogic%208.9%20Personal%20Learning%20Edition/plugins/com.anylogic.graphics3d_8.9.4.202503101134/static/init.js (271)
[0622/155520.713:INFO:CONSOLE(3660)] "THREE.ColladaLoader: File version 1.4.0", source: file:///C:/Program%20Files/AnyLogic%208.9%20Personal%20Learning%20Edition/plugins/com.anylogic.graphics3d_8.9.4.202503101134/static/libs/ColladaLoader.js (3660)
[0622/155520.715:INFO:CONSOLE(255)] "Loaded: file:C:/Users/Олег/Desktop/Моделирование/с пешеходами — копия/Перекресток/3d/car.dae", source: file:///C:/Program%20Files/AnyLogic%208.9%20Personal%20Learning%20Edition/plugins/com.anylogic.graphics3d_8.9.4.202503101134/static/init.js (255)
[0622/155520.715:INFO:CONSOLE(271)] "load end: file:C:/Users/Олег/Desktop/Моделирование/с пешеходами — копия/Перекресток/3d/car.dae", source: file:///C:/Program%20Files/AnyLogic%208.9%20Personal%20Learning%20Edition/plugins/com.anylogic.graphics3d_8.9.4.202503101134/static/init.js (271)
[0622/155546.040:INFO:CONSOLE(3660)] "THREE.ColladaLoader: File version 1.4.0", source: file:///C:/Program%20Files/AnyLogic%208.9%20Personal%20Learning%20Edition/plugins/com.anylogic.graphics3d_8.9.4.202503101134/static/libs/ColladaLoader.js (3660)
[0622/155546.046:INFO:CONSOLE(255)] "Loaded: file:C:/Users/Олег/Desktop/Моделирование/с пешеходами/Перекресток/3d/bus_1.dae", source: file:///C:/Program%20Files/AnyLogic%208.9%20Personal%20Learning%20Edition/plugins/com.anylogic.graphics3d_8.9.4.202503101134/static/init.js (255)
[0622/155546.046:INFO:CONSOLE(271)] "load end: file:C:/Users/Олег/Desktop/Моделирование/с пешеходами/Перекресток/3d/bus_1.dae", source: file:///C:/Program%20Files/AnyLogic%208.9%20Personal%20Learning%20Edition/plugins/com.anylogic.graphics3d_8.9.4.202503101134/static/init.js (271)
[0622/155546.068:INFO:CONSOLE(3660)] "THREE.ColladaLoader: File version 1.4.0", source: file:///C:/Program%20Files/AnyLogic%208.9%20Personal%20Learning%20Edition/plugins/com.anylogic.graphics3d_8.9.4.202503101134/static/libs/ColladaLoader.js (3660)
[0622/155546.074:INFO:CONSOLE(255)] "Loaded: file:C:/Users/Олег/Desktop/Моделирование/с пешеходами/Перекресток/3d/person.dae", source: file:///C:/Program%20Files/AnyLogic%208.9%20Personal%20Learning%20Edition/plugins/com.anylogic.graphics3d_8.9.4.202503101134/static/init.js (255)
[0622/155546.074:INFO:CONSOLE(271)] "load end: file:C:/Users/Олег/Desktop/Моделирование/с пешеходами/Перекресток/3d/person.dae", source: file:///C:/Program%20Files/AnyLogic%208.9%20Personal%20Learning%20Edition/plugins/com.anylogic.graphics3d_8.9.4.202503101134/static/init.js (271)
[0622/155546.092:INFO:CONSOLE(3660)] "THREE.ColladaLoader: File version 1.4.0", source: file:///C:/Program%20Files/AnyLogic%208.9%20Personal%20Learning%20Edition/plugins/com.anylogic.graphics3d_8.9.4.202503101134/static/libs/ColladaLoader.js (3660)
[0622/155546.094:INFO:CONSOLE(255)] "Loaded: file:C:/Users/Олег/Desktop/Моделирование/с пешеходами/Перекресток/3d/car.dae", source: file:///C:/Program%20Files/AnyLogic%208.9%20Personal%20Learning%20Edition/plugins/com.anylogic.graphics3d_8.9.4.202503101134/static/init.js (255)
[0622/155546.094:INFO:CONSOLE(271)] "load end: file:C:/Users/Олег/Desktop/Моделирование/с пешеходами/Перекресток/3d/car.dae", source: file:///C:/Program%20Files/AnyLogic%208.9%20Personal%20Learning%20Edition/plugins/com.anylogic.graphics3d_8.9.4.202503101134/static/init.js (271)
[0622/160202.458:INFO:CONSOLE(21172)] "THREE.WebGLRenderer 92", source: file:///C:/Program%20Files/AnyLogic%208.9%20Personal%20Learning%20Edition/plugins/com.anylogic.graphics3d_8.9.4.202503101134/static/build/three.js (21172)
[0622/160203.337:INFO:CONSOLE(3660)] "THREE.ColladaLoader: File version 1.4.0", source: file:///C:/Program%20Files/AnyLogic%208.9%20Personal%20Learning%20Edition/plugins/com.anylogic.graphics3d_8.9.4.202503101134/static/libs/ColladaLoader.js (3660)
[0622/160203.354:INFO:CONSOLE(255)] "Loaded: file:C:/Users/Олег/Desktop/Моделирование/с пешеходами — копия/Перекресток/3d/bus_1.dae", source: file:///C:/Program%20Files/AnyLogic%208.9%20Personal%20Learning%20Edition/plugins/com.anylogic.graphics3d_8.9.4.202503101134/static/init.js (255)
[0622/160203.354:INFO:CONSOLE(271)] "load end: file:C:/Users/Олег/Desktop/Моделирование/с пешеходами — копия/Перекресток/3d/bus_1.dae", source: file:///C:/Program%20Files/AnyLogic%208.9%20Personal%20Learning%20Edition/plugins/com.anylogic.graphics3d_8.9.4.202503101134/static/init.js (271)
[0622/160203.431:INFO:CONSOLE(3660)] "THREE.ColladaLoader: File version 1.4.0", source: file:///C:/Program%20Files/AnyLogic%208.9%20Personal%20Learning%20Edition/plugins/com.anylogic.graphics3d_8.9.4.202503101134/static/libs/ColladaLoader.js (3660)
[0622/160203.438:INFO:CONSOLE(255)] "Loaded: file:C:/Users/Олег/Desktop/Моделирование/с пешеходами — копия/Перекресток/3d/person.dae", source: file:///C:/Program%20Files/AnyLogic%208.9%20Personal%20Learning%20Edition/plugins/com.anylogic.graphics3d_8.9.4.202503101134/static/init.js (255)
[0622/160203.438:INFO:CONSOLE(271)] "load end: file:C:/Users/Олег/Desktop/Моделирование/с пешеходами — копия/Перекресток/3d/person.dae", source: file:///C:/Program%20Files/AnyLogic%208.9%20Personal%20Learning%20Edition/plugins/com.anylogic.graphics3d_8.9.4.202503101134/static/init.js (271)
[0622/160203.462:INFO:CONSOLE(3660)] "THREE.ColladaLoader: File version 1.4.0", source: file:///C:/Program%20Files/AnyLogic%208.9%20Personal%20Learning%20Edition/plugins/com.anylogic.graphics3d_8.9.4.202503101134/static/libs/ColladaLoader.js (3660)
[0622/160203.464:INFO:CONSOLE(255)] "Loaded: file:C:/Users/Олег/Desktop/Моделирование/с пешеходами — копия/Перекресток/3d/car.dae", source: file:///C:/Program%20Files/AnyLogic%208.9%20Personal%20Learning%20Edition/plugins/com.anylogic.graphics3d_8.9.4.202503101134/static/init.js (255)
[0622/160203.464:INFO:CONSOLE(271)] "load end: file:C:/Users/Олег/Desktop/Моделирование/с пешеходами — копия/Перекресток/3d/car.dae", source: file:///C:/Program%20Files/AnyLogic%208.9%20Personal%20Learning%20Edition/plugins/com.anylogic.graphics3d_8.9.4.202503101134/static/init.js (271)
[0622/160401.668:ERROR:gpu_init.cc(523)] Passthrough is not supported, GL is disabled, ANGLE is 
[0622/162827.398:INFO:CONSOLE(21172)] "THREE.WebGLRenderer 92", source: file:///C:/Program%20Files/AnyLogic%208.9%20Personal%20Learning%20Edition/plugins/com.anylogic.graphics3d_8.9.4.202503101134/static/build/three.js (21172)
[0622/162828.290:INFO:CONSOLE(3660)] "THREE.ColladaLoader: File version 1.4.0", source: file:///C:/Program%20Files/AnyLogic%208.9%20Personal%20Learning%20Edition/plugins/com.anylogic.graphics3d_8.9.4.202503101134/static/libs/ColladaLoader.js (3660)
[0622/162828.307:INFO:CONSOLE(255)] "Loaded: file:C:/Users/Олег/Desktop/Моделирование/с пешеходами — копия/Перекресток/3d/bus_1.dae", source: file:///C:/Program%20Files/AnyLogic%208.9%20Personal%20Learning%20Edition/plugins/com.anylogic.graphics3d_8.9.4.202503101134/static/init.js (255)
[0622/162828.307:INFO:CONSOLE(271)] "load end: file:C:/Users/Олег/Desktop/Моделирование/с пешеходами — копия/Перекресток/3d/bus_1.dae", source: file:///C:/Program%20Files/AnyLogic%208.9%20Personal%20Learning%20Edition/plugins/com.anylogic.graphics3d_8.9.4.202503101134/static/init.js (271)
[0622/162828.385:INFO:CONSOLE(3660)] "THREE.ColladaLoader: File version 1.4.0", source: file:///C:/Program%20Files/AnyLogic%208.9%20Personal%20Learning%20Edition/plugins/com.anylogic.graphics3d_8.9.4.202503101134/static/libs/ColladaLoader.js (3660)
[0622/162828.391:INFO:CONSOLE(255)] "Loaded: file:C:/Users/Олег/Desktop/Моделирование/с пешеходами — копия/Перекресток/3d/person.dae", source: file:///C:/Program%20Files/AnyLogic%208.9%20Personal%20Learning%20Edition/plugins/com.anylogic.graphics3d_8.9.4.202503101134/static/init.js (255)
[0622/162828.391:INFO:CONSOLE(271)] "load end: file:C:/Users/Олег/Desktop/Моделирование/с пешеходами — копия/Перекресток/3d/person.dae", source: file:///C:/Program%20Files/AnyLogic%208.9%20Personal%20Learning%20Edition/plugins/com.anylogic.graphics3d_8.9.4.202503101134/static/init.js (271)
[0622/162828.416:INFO:CONSOLE(3660)] "THREE.ColladaLoader: File version 1.4.0", source: file:///C:/Program%20Files/AnyLogic%208.9%20Personal%20Learning%20Edition/plugins/com.anylogic.graphics3d_8.9.4.202503101134/static/libs/ColladaLoader.js (3660)
[0622/162828.418:INFO:CONSOLE(255)] "Loaded: file:C:/Users/Олег/Desktop/Моделирование/с пешеходами — копия/Перекресток/3d/car.dae", source: file:///C:/Program%20Files/AnyLogic%208.9%20Personal%20Learning%20Edition/plugins/com.anylogic.graphics3d_8.9.4.202503101134/static/init.js (255)
[0622/162828.418:INFO:CONSOLE(271)] "load end: file:C:/Users/Олег/Desktop/Моделирование/с пешеходами — копия/Перекресток/3d/car.dae", source: file:///C:/Program%20Files/AnyLogic%208.9%20Personal%20Learning%20Edition/plugins/com.anylogic.graphics3d_8.9.4.202503101134/static/init.js (271)
[0622/163026.650:ERROR:gpu_init.cc(523)] Passthrough is not supported, GL is disabled, ANGLE is 
[0622/164456.686:INFO:CONSOLE(21172)] "THREE.WebGLRenderer 92", source: file:///C:/Program%20Files/AnyLogic%208.9%20Personal%20Learning%20Edition/plugins/com.anylogic.graphics3d_8.9.4.202503101134/static/build/three.js (21172)
[0622/164457.590:INFO:CONSOLE(3660)] "THREE.ColladaLoader: File version 1.4.0", source: file:///C:/Program%20Files/AnyLogic%208.9%20Personal%20Learning%20Edition/plugins/com.anylogic.graphics3d_8.9.4.202503101134/static/libs/ColladaLoader.js (3660)
[0622/164457.605:INFO:CONSOLE(255)] "Loaded: file:C:/Users/Олег/Desktop/улучшенная/Перекресток/3d/bus_1.dae", source: file:///C:/Program%20Files/AnyLogic%208.9%20Personal%20Learning%20Edition/plugins/com.anylogic.graphics3d_8.9.4.202503101134/static/init.js (255)
[0622/164457.605:INFO:CONSOLE(271)] "load end: file:C:/Users/Олег/Desktop/улучшенная/Перекресток/3d/bus_1.dae", source: file:///C:/Program%20Files/AnyLogic%208.9%20Personal%20Learning%20Edition/plugins/com.anylogic.graphics3d_8.9.4.202503101134/static/init.js (271)
[0622/164457.678:INFO:CONSOLE(3660)] "THREE.ColladaLoader: File version 1.4.0", source: file:///C:/Program%20Files/AnyLogic%208.9%20Personal%20Learning%20Edition/plugins/com.anylogic.graphics3d_8.9.4.202503101134/static/libs/ColladaLoader.js (3660)
[0622/164457.684:INFO:CONSOLE(255)] "Loaded: file:C:/Users/Олег/Desktop/улучшенная/Перекресток/3d/person.dae", source: file:///C:/Program%20Files/AnyLogic%208.9%20Personal%20Learning%20Edition/plugins/com.anylogic.graphics3d_8.9.4.202503101134/static/init.js (255)
[0622/164457.684:INFO:CONSOLE(271)] "load end: file:C:/Users/Олег/Desktop/улучшенная/Перекресток/3d/person.dae", source: file:///C:/Program%20Files/AnyLogic%208.9%20Personal%20Learning%20Edition/plugins/com.anylogic.graphics3d_8.9.4.202503101134/static/init.js (271)
[0622/164457.703:INFO:CONSOLE(3660)] "THREE.ColladaLoader: File version 1.4.0", source: file:///C:/Program%20Files/AnyLogic%208.9%20Personal%20Learning%20Edition/plugins/com.anylogic.graphics3d_8.9.4.202503101134/static/libs/ColladaLoader.js (3660)
[0622/164457.706:INFO:CONSOLE(255)] "Loaded: file:C:/Users/Олег/Desktop/улучшенная/Перекресток/3d/car.dae", source: file:///C:/Program%20Files/AnyLogic%208.9%20Personal%20Learning%20Edition/plugins/com.anylogic.graphics3d_8.9.4.202503101134/static/init.js (255)
[0622/164457.706:INFO:CONSOLE(271)] "load end: file:C:/Users/Олег/Desktop/улучшенная/Перекресток/3d/car.dae", source: file:///C:/Program%20Files/AnyLogic%208.9%20Personal%20Learning%20Edition/plugins/com.anylogic.graphics3d_8.9.4.202503101134/static/init.js (271)
[0622/164656.022:ERROR:gpu_init.cc(523)] Passthrough is not supported, GL is disabled, ANGLE is 
[0629/220102.241:INFO:CONSOLE(21172)] "THREE.WebGLRenderer 92", source: file:///C:/Program%20Files/AnyLogic%208.9%20Personal%20Learning%20Edition/plugins/com.anylogic.graphics3d_8.9.4.202503101134/static/build/three.js (21172)
[0629/220103.095:INFO:CONSOLE(3660)] "THREE.ColladaLoader: File version 1.4.0", source: file:///C:/Program%20Files/AnyLogic%208.9%20Personal%20Learning%20Edition/plugins/com.anylogic.graphics3d_8.9.4.202503101134/static/libs/ColladaLoader.js (3660)
[0629/220103.104:INFO:CONSOLE(255)] "Loaded: file:C:/Users/Олег/Desktop/улучшенная — копия/Перекресток/3d/car.dae", source: file:///C:/Program%20Files/AnyLogic%208.9%20Personal%20Learning%20Edition/plugins/com.anylogic.graphics3d_8.9.4.202503101134/static/init.js (255)
[0629/220103.104:INFO:CONSOLE(271)] "load end: file:C:/Users/Олег/Desktop/улучшенная — копия/Перекресток/3d/car.dae", source: file:///C:/Program%20Files/AnyLogic%208.9%20Personal%20Learning%20Edition/plugins/com.anylogic.graphics3d_8.9.4.202503101134/static/init.js (271)
[0629/220103.200:INFO:CONSOLE(3660)] "THREE.ColladaLoader: File version 1.4.0", source: file:///C:/Program%20Files/AnyLogic%208.9%20Personal%20Learning%20Edition/plugins/com.anylogic.graphics3d_8.9.4.202503101134/static/libs/ColladaLoader.js (3660)
[0629/220103.216:INFO:CONSOLE(255)] "Loaded: file:C:/Users/Олег/Desktop/улучшенная — копия/Перекресток/3d/bus_1.dae", source: file:///C:/Program%20Files/AnyLogic%208.9%20Personal%20Learning%20Edition/plugins/com.anylogic.graphics3d_8.9.4.202503101134/static/init.js (255)
[0629/220103.216:INFO:CONSOLE(271)] "load end: file:C:/Users/Олег/Desktop/улучшенная — копия/Перекресток/3d/bus_1.dae", source: file:///C:/Program%20Files/AnyLogic%208.9%20Personal%20Learning%20Edition/plugins/com.anylogic.graphics3d_8.9.4.202503101134/static/init.js (271)
[0629/220103.288:INFO:CONSOLE(3660)] "THREE.ColladaLoader: File version 1.4.0", source: file:///C:/Program%20Files/AnyLogic%208.9%20Personal%20Learning%20Edition/plugins/com.anylogic.graphics3d_8.9.4.202503101134/static/libs/ColladaLoader.js (3660)
[0629/220103.297:INFO:CONSOLE(255)] "Loaded: file:C:/Users/Олег/Desktop/улучшенная — копия/Перекресток/3d/person.dae", source: file:///C:/Program%20Files/AnyLogic%208.9%20Personal%20Learning%20Edition/plugins/com.anylogic.graphics3d_8.9.4.202503101134/static/init.js (255)
[0629/220103.297:INFO:CONSOLE(271)] "load end: file:C:/Users/Олег/Desktop/улучшенная — копия/Перекресток/3d/person.dae", source: file:///C:/Program%20Files/AnyLogic%208.9%20Personal%20Learning%20Edition/plugins/com.anylogic.graphics3d_8.9.4.202503101134/static/init.js (271)
